<?xml version="1.0" encoding="UTF-8"?>
<testsuite xmlns:xsi="http://www.w3.org/2001/XMLSchema-instance" xsi:noNamespaceSchemaLocation="https://maven.apache.org/surefire/maven-surefire-plugin/xsd/surefire-test-report.xsd" name="com.lwj.PaintNail.PaintNailApplicationTests" time="7.555" tests="3" errors="0" skipped="0" failures="0">
  <properties>
[...]
</properties>
  <testcase name="TestCount" classname="com.lwj.PaintNail.PaintNailApplicationTests" time="0.408"/>
  <testcase name="TestOrder" classname="com.lwj.PaintNail.PaintNailApplicationTests" time="0.107"/>
  <testcase name="contextLoads" classname="com.lwj.PaintNail.PaintNailApplicationTests" time="0.022"/>
</testsuite>